<?xml version="1.0" encoding="UTF-8"?>
<testng-results ignored="0" total="1" passed="1" failed="0" skipped="0">
  <reporter-output>
  </reporter-output>
  <suite started-at="2024-08-07T21:47:24 IST" name="Default suite" finished-at="2024-08-07T21:47:24 IST" duration-ms="75">
    <groups>
    </groups>
    <test started-at="2024-08-07T21:47:24 IST" name="Default test" finished-at="2024-08-07T21:47:24 IST" duration-ms="75">
      <class name="lpack.ProductPage">
        <test-method signature="P()[pri:0, instance:lpack.ProductPage@4145bad8]" started-at="2024-08-07T21:47:24 IST" name="P" finished-at="2024-08-07T21:47:24 IST" duration-ms="9" status="PASS">
          <reporter-output>
          </reporter-output>
        </test-method> <!-- P -->
      </class> <!-- lpack.ProductPage -->
    </test> <!-- Default test -->
  </suite> <!-- Default suite -->
</testng-results>
